<?xml version="1.0" encoding="UTF-8"?>
<!-- Generated by org.testng.reporters.JUnitReportReporter -->
<testsuite hostname="hp" failures="0" tests="1" name="btes.automationDemo.MyTest" time="14.555" errors="0" timestamp="2023-05-17T17:53:44 IST" skipped="0">
  <testcase classname="btes.automationDemo.MyTest" name="mainmethod" time="14.555"/>
  <system-out/>
</testsuite> <!-- btes.automationDemo.MyTest -->
